Godot Engine v3.6.stable.custom_build.a883bf680 - https://godotengine.org
OpenGL ES 3.0 Renderer: Intel(R) Iris(R) Xe Graphics
Async. shader compilation: OFF
 
Brotato v1.1.9.3
Did Steam initialize?: {status:1, verbal:Steamworks active.}
steam_is_online: True
steam_id: 76561197960287930
steam_is_owned: True
INFO ModLoader:Store: Options override feature tag "editor". does not apply, skipping.
INFO ModLoader:Store: Options override feature tag "epic". does not apply, skipping.
INFO ModLoader:Store: Applying options override with feature tag "steam".
INFO ModLoader:Loader: game_install_directory: D:/Brotato/
INFO ModLoader:UserProfile: No mod_ids inside "mod_list" for user profile "default" 
INFO ModLoader:ThirdParty:Steam: Checking workshop items, with path: "workshop/content/1942280"
Can't open workshop folder workshop/content/1942280 (Error: 31)
ERROR: Can't open workshop folder workshop/content/1942280 (Error: 31)
   at: GDScriptFunctions::call (modules\gdscript\gdscript_functions.cpp:775) - Can't open workshop folder workshop/content/1942280 (Error: 31)
INFO ModLoader:Loader: No zipped mods found
WARNING ModLoader:Loader: Can't open unpacked mods folder res://mods-unpacked/.
WARNING: Can't open unpacked mods folder res://mods-unpacked/.
   at: GDScriptFunctions::call (modules\gdscript\gdscript_functions.cpp:789) - Can't open unpacked mods folder res://mods-unpacked/.
