Godot Engine v3.6.stable.custom_build.a883bf680 - https://godotengine.org
OpenGL ES 3.0 Renderer: Intel(R) UHD Graphics
Async. shader compilation: OFF
 
Brotato v1.1.9.3
Did Steam initialize?: {status:1, verbal:Steamworks active.}
steam_is_online: True
steam_id: 76561197960287930
steam_is_owned: True
INFO ModLoader:Store: Options override feature tag "editor". does not apply, skipping.
INFO ModLoader:Store: Options override feature tag "epic". does not apply, skipping.
INFO ModLoader:Store: Applying options override with feature tag "steam".
INFO ModLoader:Loader: game_install_directory: F:/Download/Brotato/
INFO ModLoader:UserProfile: No mod_ids inside "mod_list" for user profile "default" 
INFO ModLoader:ThirdParty:Steam: Checking workshop items, with path: "F:/workshop/content/1942280"
INFO ModLoader:ThirdParty:Steam: Checking workshop item path: "F:/workshop/content/1942280/mods"
INFO ModLoader:ThirdParty:Steam: Checking workshop item path: "F:/workshop/content/1942280/"
INFO ModLoader:Loader: No zipped mods found
WARNING ModLoader:Loader: Can't open unpacked mods folder res://mods-unpacked/.
WARNING: Can't open unpacked mods folder res://mods-unpacked/.
   at: GDScriptFunctions::call (modules\gdscript\gdscript_functions.cpp:789) - Can't open unpacked mods folder res://mods-unpacked/.
INFO ModLoader:Loader: No mods were setup
SUCCESS ModLoader:Loader: DONE: Loaded all meta data
SUCCESS ModLoader:Loader: DONE: Completely finished loading mods
SUCCESS ModLoader:Loader: DONE: Installed all script extensions
ProgressDataLoaderV2: Save path: user://76561197960287930/save_v2.json
LOG_PATH: user://76561197960287930/log.txt
ProgressDataLoaderV2: Save path: user://76561197960287930/save_v2.json
ProgressDataLoaderV2: Loading user://76561197960287930/save_v2.json
ProgressDataLoaderV2: Save path: user://76561197960287930/save_v2.json
ProgressDataLoaderV2: Writing save to main save path user://76561197960287930/save_v2.json
WARNING: ObjectDB instances leaked at exit (run with --verbose for details).
   at: ObjectDB::cleanup (core\object.cpp:2074) - ObjectDB instances leaked at exit (run with --verbose for details).
ERROR: Resources still in use at exit (run with --verbose for details).
   at: ResourceCache::clear (core\resource.cpp:417) - Resources still in use at exit (run with --verbose for details).
